[INFO ] 2019-04-03 13:34:16.755 [main] Constants:21 - App is running!
[WARN ] 2019-04-03 13:34:16.765 [main] Constants:63 - Problem at line 6 in 'users.txt' files. User not added to our valid users list.
[WARN ] 2019-04-03 13:34:16.765 [main] Constants:63 - Problem at line 7 in 'users.txt' files. User not added to our valid users list.
[WARN ] 2019-04-03 13:34:16.765 [main] Constants:63 - Problem at line 9 in 'users.txt' files. User not added to our valid users list.
[INFO ] 2019-04-04 13:28:59.595 [main] Constants:21 - App is running!
[WARN ] 2019-04-04 13:28:59.595 [main] Constants:63 - Problem at line 6 in 'users.txt' files. User not added to our valid users list.
[WARN ] 2019-04-04 13:28:59.595 [main] Constants:63 - Problem at line 7 in 'users.txt' files. User not added to our valid users list.
[WARN ] 2019-04-04 13:28:59.595 [main] Constants:63 - Problem at line 9 in 'users.txt' files. User not added to our valid users list.
[INFO ] 2019-04-04 15:12:55.395 [main] Constants:21 - App is running!
[WARN ] 2019-04-04 15:12:55.395 [main] Constants:63 - Problem at line 6 in 'users.txt' files. User not added to our valid users list.
[WARN ] 2019-04-04 15:12:55.395 [main] Constants:63 - Problem at line 7 in 'users.txt' files. User not added to our valid users list.
[WARN ] 2019-04-04 15:12:55.395 [main] Constants:63 - Problem at line 9 in 'users.txt' files. User not added to our valid users list.
[INFO ] 2019-04-04 15:14:08.078 [main] Constants:21 - App is running!
[WARN ] 2019-04-04 15:14:08.078 [main] Constants:63 - Problem at line 6 in 'users.txt' files. User not added to our valid users list.
[WARN ] 2019-04-04 15:14:08.078 [main] Constants:63 - Problem at line 7 in 'users.txt' files. User not added to our valid users list.
[WARN ] 2019-04-04 15:14:08.078 [main] Constants:63 - Problem at line 9 in 'users.txt' files. User not added to our valid users list.
[INFO ] 2019-04-04 15:15:04.803 [main] Constants:21 - App is running!
[WARN ] 2019-04-04 15:15:04.803 [main] Constants:63 - Problem at line 6 in 'users.txt' files. User not added to our valid users list.
[WARN ] 2019-04-04 15:15:04.803 [main] Constants:63 - Problem at line 7 in 'users.txt' files. User not added to our valid users list.
[WARN ] 2019-04-04 15:15:04.803 [main] Constants:63 - Problem at line 9 in 'users.txt' files. User not added to our valid users list.
[INFO ] 2019-04-04 15:15:14.052 [main] Constants:71 - Account added successfully.
[INFO ] 2019-04-04 15:15:30.130 [main] Constants:71 - Account added successfully.
[INFO ] 2019-04-04 15:15:53.176 [main] Constants:71 - Account added successfully.
[INFO ] 2019-04-04 15:16:41.884 [main] Constants:71 - Account added successfully.
[INFO ] 2019-04-04 15:17:03.555 [main] Constants:71 - Account added successfully.
[INFO ] 2019-04-04 15:17:34.898 [main] Constants:71 - Account added successfully.
[INFO ] 2019-04-04 15:18:58.767 [main] Constants:21 - App is running!
[WARN ] 2019-04-04 15:18:58.782 [main] Constants:63 - Problem at line 6 in 'users.txt' files. User not added to our valid users list.
[WARN ] 2019-04-04 15:18:58.782 [main] Constants:63 - Problem at line 7 in 'users.txt' files. User not added to our valid users list.
[WARN ] 2019-04-04 15:18:58.782 [main] Constants:63 - Problem at line 9 in 'users.txt' files. User not added to our valid users list.
[INFO ] 2019-04-04 15:19:08.079 [main] Constants:71 - Account added successfully.
[INFO ] 2019-04-04 15:23:51.904 [main] Constants:21 - App is running!
[WARN ] 2019-04-04 15:23:51.904 [main] Constants:63 - Problem at line 6 in 'users.txt' files. User not added to our valid users list.
[WARN ] 2019-04-04 15:23:51.904 [main] Constants:63 - Problem at line 7 in 'users.txt' files. User not added to our valid users list.
[WARN ] 2019-04-04 15:23:51.904 [main] Constants:63 - Problem at line 9 in 'users.txt' files. User not added to our valid users list.
[INFO ] 2019-04-04 15:24:02.169 [main] Constants:71 - Account added successfully.
[INFO ] 2019-04-04 15:24:31.002 [main] Constants:71 - Account added successfully.
[INFO ] 2019-04-04 15:44:18.193 [main] Constants:21 - App is running!
[WARN ] 2019-04-04 15:44:18.193 [main] Constants:63 - Problem at line 6 in 'users.txt' files. User not added to our valid users list.
[WARN ] 2019-04-04 15:44:18.193 [main] Constants:63 - Problem at line 7 in 'users.txt' files. User not added to our valid users list.
[WARN ] 2019-04-04 15:44:18.193 [main] Constants:63 - Problem at line 9 in 'users.txt' files. User not added to our valid users list.
[INFO ] 2019-04-04 15:44:28.095 [main] Constants:75 - Account added successfully.
[INFO ] 2019-04-04 15:44:52.891 [main] Constants:75 - Account added successfully.
[INFO ] 2019-04-04 15:50:07.745 [main] Constants:21 - App is running!
[WARN ] 2019-04-04 15:50:07.760 [main] Constants:63 - Problem at line 6 in 'users.txt' files. User not added to our valid users list.
[WARN ] 2019-04-04 15:50:07.760 [main] Constants:63 - Problem at line 7 in 'users.txt' files. User not added to our valid users list.
[WARN ] 2019-04-04 15:50:07.760 [main] Constants:63 - Problem at line 9 in 'users.txt' files. User not added to our valid users list.
[INFO ] 2019-04-04 15:58:16.564 [main] Constants:21 - App is running!
[WARN ] 2019-04-04 15:58:16.580 [main] Constants:63 - Problem at line 6 in 'users.txt' files. User not added to our valid users list.
[WARN ] 2019-04-04 15:58:16.580 [main] Constants:63 - Problem at line 7 in 'users.txt' files. User not added to our valid users list.
[WARN ] 2019-04-04 15:58:16.580 [main] Constants:63 - Problem at line 9 in 'users.txt' files. User not added to our valid users list.
[INFO ] 2019-04-04 15:59:51.280 [main] Constants:21 - App is running!
[WARN ] 2019-04-04 15:59:51.280 [main] Constants:63 - Problem at line 6 in 'users.txt' files. User not added to our valid users list.
[WARN ] 2019-04-04 15:59:51.280 [main] Constants:63 - Problem at line 7 in 'users.txt' files. User not added to our valid users list.
[WARN ] 2019-04-04 15:59:51.280 [main] Constants:63 - Problem at line 9 in 'users.txt' files. User not added to our valid users list.
[INFO ] 2019-04-04 16:05:40.535 [main] Constants:21 - App is running!
[WARN ] 2019-04-04 16:05:40.535 [main] Constants:63 - Problem at line 6 in 'users.txt' files. User not added to our valid users list.
[WARN ] 2019-04-04 16:05:40.535 [main] Constants:63 - Problem at line 7 in 'users.txt' files. User not added to our valid users list.
[WARN ] 2019-04-04 16:05:40.535 [main] Constants:63 - Problem at line 9 in 'users.txt' files. User not added to our valid users list.
[INFO ] 2019-04-04 16:09:27.207 [main] Constants:21 - App is running!
[WARN ] 2019-04-04 16:09:27.223 [main] Constants:63 - Problem at line 6 in 'users.txt' files. User not added to our valid users list.
[WARN ] 2019-04-04 16:09:27.223 [main] Constants:63 - Problem at line 7 in 'users.txt' files. User not added to our valid users list.
[WARN ] 2019-04-04 16:09:27.223 [main] Constants:63 - Problem at line 9 in 'users.txt' files. User not added to our valid users list.
[INFO ] 2019-04-04 16:13:39.326 [main] Constants:21 - App is running!
[WARN ] 2019-04-04 16:13:39.326 [main] Constants:63 - Problem at line 6 in 'users.txt' files. User not added to our valid users list.
[WARN ] 2019-04-04 16:13:39.326 [main] Constants:63 - Problem at line 7 in 'users.txt' files. User not added to our valid users list.
[WARN ] 2019-04-04 16:13:39.326 [main] Constants:63 - Problem at line 9 in 'users.txt' files. User not added to our valid users list.
[INFO ] 2019-04-04 16:14:34.206 [main] Constants:21 - App is running!
[WARN ] 2019-04-04 16:14:34.206 [main] Constants:63 - Problem at line 6 in 'users.txt' files. User not added to our valid users list.
[WARN ] 2019-04-04 16:14:34.206 [main] Constants:63 - Problem at line 7 in 'users.txt' files. User not added to our valid users list.
[WARN ] 2019-04-04 16:14:34.206 [main] Constants:63 - Problem at line 9 in 'users.txt' files. User not added to our valid users list.
[INFO ] 2019-04-04 16:14:38.888 [main] Constants:21 - App is running!
[WARN ] 2019-04-04 16:14:38.904 [main] Constants:63 - Problem at line 6 in 'users.txt' files. User not added to our valid users list.
[WARN ] 2019-04-04 16:14:38.904 [main] Constants:63 - Problem at line 7 in 'users.txt' files. User not added to our valid users list.
[WARN ] 2019-04-04 16:14:38.904 [main] Constants:63 - Problem at line 9 in 'users.txt' files. User not added to our valid users list.
[INFO ] 2019-04-04 16:19:22.564 [main] Constants:21 - App is running!
[WARN ] 2019-04-04 16:19:22.564 [main] Constants:63 - Problem at line 6 in 'users.txt' files. User not added to our valid users list.
[WARN ] 2019-04-04 16:19:22.564 [main] Constants:63 - Problem at line 7 in 'users.txt' files. User not added to our valid users list.
[WARN ] 2019-04-04 16:19:22.564 [main] Constants:63 - Problem at line 9 in 'users.txt' files. User not added to our valid users list.
[INFO ] 2019-04-04 16:19:32.155 [main] Constants:75 - Account added successfully.
[INFO ] 2019-04-04 16:20:54.983 [main] Constants:75 - Account added successfully.
[INFO ] 2019-04-04 16:21:27.062 [main] Constants:21 - App is running!
[WARN ] 2019-04-04 16:21:27.062 [main] Constants:63 - Problem at line 6 in 'users.txt' files. User not added to our valid users list.
[WARN ] 2019-04-04 16:21:27.062 [main] Constants:63 - Problem at line 7 in 'users.txt' files. User not added to our valid users list.
[WARN ] 2019-04-04 16:21:27.062 [main] Constants:63 - Problem at line 9 in 'users.txt' files. User not added to our valid users list.
[INFO ] 2019-04-04 16:21:38.374 [main] Constants:75 - Account added successfully.
[INFO ] 2019-04-04 16:23:08.733 [main] Constants:21 - App is running!
[WARN ] 2019-04-04 16:23:08.749 [main] Constants:63 - Problem at line 6 in 'users.txt' files. User not added to our valid users list.
[WARN ] 2019-04-04 16:23:08.749 [main] Constants:63 - Problem at line 7 in 'users.txt' files. User not added to our valid users list.
[WARN ] 2019-04-04 16:23:08.749 [main] Constants:63 - Problem at line 9 in 'users.txt' files. User not added to our valid users list.
[INFO ] 2019-04-04 16:23:19.124 [main] Constants:75 - Account added successfully.
[INFO ] 2019-04-04 16:24:06.403 [main] Constants:21 - App is running!
[WARN ] 2019-04-04 16:24:06.419 [main] Constants:63 - Problem at line 6 in 'users.txt' files. User not added to our valid users list.
[WARN ] 2019-04-04 16:24:06.419 [main] Constants:63 - Problem at line 7 in 'users.txt' files. User not added to our valid users list.
[WARN ] 2019-04-04 16:24:06.419 [main] Constants:63 - Problem at line 9 in 'users.txt' files. User not added to our valid users list.
[INFO ] 2019-04-04 16:24:26.856 [main] Constants:75 - Account added successfully.
[INFO ] 2019-04-04 16:27:07.552 [main] Constants:21 - App is running!
[WARN ] 2019-04-04 16:27:07.568 [main] Constants:63 - Problem at line 6 in 'users.txt' files. User not added to our valid users list.
[WARN ] 2019-04-04 16:27:07.568 [main] Constants:63 - Problem at line 7 in 'users.txt' files. User not added to our valid users list.
[WARN ] 2019-04-04 16:27:07.568 [main] Constants:63 - Problem at line 9 in 'users.txt' files. User not added to our valid users list.
[INFO ] 2019-04-04 16:27:18.270 [main] Constants:75 - Account added successfully.
[INFO ] 2019-04-04 16:27:29.113 [main] Constants:75 - Account added successfully.
[INFO ] 2019-04-04 16:27:46.909 [main] Constants:75 - Account added successfully.
[INFO ] 2019-04-04 16:28:00.346 [main] Constants:21 - App is running!
[WARN ] 2019-04-04 16:28:00.362 [main] Constants:63 - Problem at line 6 in 'users.txt' files. User not added to our valid users list.
[WARN ] 2019-04-04 16:28:00.362 [main] Constants:63 - Problem at line 7 in 'users.txt' files. User not added to our valid users list.
[WARN ] 2019-04-04 16:28:00.362 [main] Constants:63 - Problem at line 9 in 'users.txt' files. User not added to our valid users list.
[INFO ] 2019-04-04 16:36:58.936 [main] Constants:21 - App is running!
[WARN ] 2019-04-04 16:36:58.936 [main] Constants:63 - Problem at line 6 in 'users.txt' files. User not added to our valid users list.
[WARN ] 2019-04-04 16:36:58.936 [main] Constants:63 - Problem at line 7 in 'users.txt' files. User not added to our valid users list.
[WARN ] 2019-04-04 16:36:58.936 [main] Constants:63 - Problem at line 9 in 'users.txt' files. User not added to our valid users list.
[INFO ] 2019-04-04 16:37:14.701 [main] Constants:75 - Account added successfully.
[INFO ] 2019-04-04 16:37:58.048 [main] Constants:75 - Account added successfully.
[INFO ] 2019-04-04 16:47:42.865 [main] Constants:21 - App is running!
[WARN ] 2019-04-04 16:47:42.865 [main] Constants:63 - Problem at line 6 in 'users.txt' files. User not added to our valid users list.
[WARN ] 2019-04-04 16:47:42.865 [main] Constants:63 - Problem at line 7 in 'users.txt' files. User not added to our valid users list.
[WARN ] 2019-04-04 16:47:42.865 [main] Constants:63 - Problem at line 9 in 'users.txt' files. User not added to our valid users list.
[INFO ] 2019-04-04 16:48:19.893 [main] Constants:75 - Account added successfully.
[INFO ] 2019-04-04 16:48:37.783 [main] Constants:75 - Account added successfully.
[INFO ] 2019-04-04 16:50:03.441 [main] Constants:21 - App is running!
[WARN ] 2019-04-04 16:50:03.441 [main] Constants:63 - Problem at line 6 in 'users.txt' files. User not added to our valid users list.
[WARN ] 2019-04-04 16:50:03.441 [main] Constants:63 - Problem at line 7 in 'users.txt' files. User not added to our valid users list.
[WARN ] 2019-04-04 16:50:03.441 [main] Constants:63 - Problem at line 9 in 'users.txt' files. User not added to our valid users list.
[INFO ] 2019-04-04 16:50:15.362 [main] Constants:75 - Account added successfully.
[INFO ] 2019-04-04 17:03:47.413 [main] Constants:21 - App is running!
[WARN ] 2019-04-04 17:03:47.429 [main] Constants:63 - Problem at line 6 in 'users.txt' files. User not added to our valid users list.
[WARN ] 2019-04-04 17:03:47.429 [main] Constants:63 - Problem at line 7 in 'users.txt' files. User not added to our valid users list.
[WARN ] 2019-04-04 17:03:47.429 [main] Constants:63 - Problem at line 9 in 'users.txt' files. User not added to our valid users list.
[INFO ] 2019-04-04 17:04:00.397 [main] Constants:75 - Account added successfully.
[INFO ] 2019-04-04 17:10:28.642 [main] Constants:21 - App is running!
[WARN ] 2019-04-04 17:10:28.658 [main] Constants:63 - Problem at line 6 in 'users.txt' files. User not added to our valid users list.
[WARN ] 2019-04-04 17:10:28.658 [main] Constants:63 - Problem at line 7 in 'users.txt' files. User not added to our valid users list.
[WARN ] 2019-04-04 17:10:28.658 [main] Constants:63 - Problem at line 9 in 'users.txt' files. User not added to our valid users list.
[INFO ] 2019-04-04 17:10:44.032 [main] Constants:75 - Account added successfully.
[INFO ] 2019-04-04 17:11:02.953 [main] Constants:75 - Account added successfully.
[INFO ] 2019-04-04 17:11:39.588 [main] Constants:21 - App is running!
[WARN ] 2019-04-04 17:11:39.604 [main] Constants:63 - Problem at line 6 in 'users.txt' files. User not added to our valid users list.
[WARN ] 2019-04-04 17:11:39.604 [main] Constants:63 - Problem at line 7 in 'users.txt' files. User not added to our valid users list.
[WARN ] 2019-04-04 17:11:39.604 [main] Constants:63 - Problem at line 9 in 'users.txt' files. User not added to our valid users list.
[INFO ] 2019-04-04 17:15:18.961 [main] Constants:21 - App is running!
[WARN ] 2019-04-04 17:15:18.961 [main] Constants:63 - Problem at line 6 in 'users.txt' files. User not added to our valid users list.
[WARN ] 2019-04-04 17:15:18.961 [main] Constants:63 - Problem at line 7 in 'users.txt' files. User not added to our valid users list.
[WARN ] 2019-04-04 17:15:18.961 [main] Constants:63 - Problem at line 9 in 'users.txt' files. User not added to our valid users list.
[WARN ] 2019-04-04 17:15:18.961 [main] Constants:118 - Problem at line 1 in 'accounts.txt' files. Account not added to our valid accounts list.
[WARN ] 2019-04-04 17:15:18.961 [main] Constants:118 - Problem at line 2 in 'accounts.txt' files. Account not added to our valid accounts list.
[WARN ] 2019-04-04 17:15:18.961 [main] Constants:118 - Problem at line 3 in 'accounts.txt' files. Account not added to our valid accounts list.
[INFO ] 2019-04-04 17:19:16.257 [main] Constants:21 - App is running!
[WARN ] 2019-04-04 17:19:16.273 [main] Constants:63 - Problem at line 6 in 'users.txt' files. User not added to our valid users list.
[WARN ] 2019-04-04 17:19:16.273 [main] Constants:63 - Problem at line 7 in 'users.txt' files. User not added to our valid users list.
[WARN ] 2019-04-04 17:19:16.273 [main] Constants:63 - Problem at line 9 in 'users.txt' files. User not added to our valid users list.
[WARN ] 2019-04-04 17:19:16.273 [main] Constants:118 - Problem at line 1 in 'accounts.txt' files. Account didn't count to the total number of valid accounts.
[WARN ] 2019-04-04 17:19:16.273 [main] Constants:118 - Problem at line 2 in 'accounts.txt' files. Account didn't count to the total number of valid accounts.
[WARN ] 2019-04-04 17:19:16.273 [main] Constants:118 - Problem at line 3 in 'accounts.txt' files. Account didn't count to the total number of valid accounts.
[WARN ] 2019-04-04 17:19:16.273 [main] Constants:118 - Problem at line 4 in 'accounts.txt' files. Account didn't count to the total number of valid accounts.
[INFO ] 2019-04-04 17:19:26.491 [main] Constants:75 - Account added successfully.
[WARN ] 2019-04-04 17:32:00.466 [main] Constants:65 - Problem at line 6 in 'users.txt' files. User not added to our valid users list.
[WARN ] 2019-04-04 17:32:00.466 [main] Constants:65 - Problem at line 7 in 'users.txt' files. User not added to our valid users list.
[WARN ] 2019-04-04 17:32:00.466 [main] Constants:65 - Problem at line 9 in 'users.txt' files. User not added to our valid users list.
[WARN ] 2019-04-04 17:32:00.466 [main] Constants:121 - Problem at line 1 in 'accounts.txt' files. Account didn't count to the total number of valid accounts.
[WARN ] 2019-04-04 17:32:00.466 [main] Constants:121 - Problem at line 2 in 'accounts.txt' files. Account didn't count to the total number of valid accounts.
[WARN ] 2019-04-04 17:32:00.466 [main] Constants:121 - Problem at line 3 in 'accounts.txt' files. Account didn't count to the total number of valid accounts.
[WARN ] 2019-04-04 17:32:00.466 [main] Constants:121 - Problem at line 4 in 'accounts.txt' files. Account didn't count to the total number of valid accounts.
[WARN ] 2019-04-04 17:41:43.940 [main] Constants:65 - Problem at line 6 in 'users.txt' files. User not added to our valid users list.
[WARN ] 2019-04-04 17:41:43.940 [main] Constants:65 - Problem at line 7 in 'users.txt' files. User not added to our valid users list.
[WARN ] 2019-04-04 17:41:43.956 [main] Constants:65 - Problem at line 9 in 'users.txt' files. User not added to our valid users list.
[WARN ] 2019-04-04 17:41:43.956 [main] Constants:121 - Problem at line 1 in 'accounts.txt' files. Account didn't count to the total number of valid accounts.
[WARN ] 2019-04-04 17:41:43.956 [main] Constants:121 - Problem at line 2 in 'accounts.txt' files. Account didn't count to the total number of valid accounts.
[WARN ] 2019-04-04 17:41:43.956 [main] Constants:121 - Problem at line 3 in 'accounts.txt' files. Account didn't count to the total number of valid accounts.
[WARN ] 2019-04-04 17:41:43.956 [main] Constants:121 - Problem at line 4 in 'accounts.txt' files. Account didn't count to the total number of valid accounts.
[INFO ] 2019-04-04 17:41:56.321 [main] Constants:75 - Account added successfully.
[INFO ] 2019-04-04 17:42:41.076 [main] Constants:75 - Account added successfully.
[WARN ] 2019-04-04 17:46:34.119 [main] Constants:65 - Problem at line 6 in 'users.txt' files. User not added to our valid users list.
[WARN ] 2019-04-04 17:46:34.119 [main] Constants:65 - Problem at line 7 in 'users.txt' files. User not added to our valid users list.
[WARN ] 2019-04-04 17:46:34.119 [main] Constants:65 - Problem at line 9 in 'users.txt' files. User not added to our valid users list.
[WARN ] 2019-04-04 17:46:34.119 [main] Constants:121 - Problem at line 1 in 'accounts.txt' files. Account didn't count to the total number of valid accounts.
[WARN ] 2019-04-04 17:46:34.119 [main] Constants:121 - Problem at line 2 in 'accounts.txt' files. Account didn't count to the total number of valid accounts.
[WARN ] 2019-04-04 17:46:34.119 [main] Constants:121 - Problem at line 3 in 'accounts.txt' files. Account didn't count to the total number of valid accounts.
[WARN ] 2019-04-04 17:46:34.125 [main] Constants:121 - Problem at line 4 in 'accounts.txt' files. Account didn't count to the total number of valid accounts.
[WARN ] 2019-04-04 17:56:13.370 [main] Constants:65 - Problem at line 6 in 'users.txt' files. User not added to our valid users list.
[WARN ] 2019-04-04 17:56:13.370 [main] Constants:65 - Problem at line 7 in 'users.txt' files. User not added to our valid users list.
[WARN ] 2019-04-04 17:56:13.370 [main] Constants:65 - Problem at line 9 in 'users.txt' files. User not added to our valid users list.
[WARN ] 2019-04-04 17:56:13.370 [main] Constants:121 - Problem at line 1 in 'accounts.txt' files. Account didn't count to the total number of valid accounts.
[WARN ] 2019-04-04 17:56:13.370 [main] Constants:121 - Problem at line 2 in 'accounts.txt' files. Account didn't count to the total number of valid accounts.
[WARN ] 2019-04-04 17:56:13.370 [main] Constants:121 - Problem at line 3 in 'accounts.txt' files. Account didn't count to the total number of valid accounts.
[WARN ] 2019-04-04 17:56:13.370 [main] Constants:121 - Problem at line 4 in 'accounts.txt' files. Account didn't count to the total number of valid accounts.
[WARN ] 2019-04-04 17:56:16.077 [main] Constants:65 - Problem at line 6 in 'users.txt' files. User not added to our valid users list.
[WARN ] 2019-04-04 17:56:16.077 [main] Constants:65 - Problem at line 7 in 'users.txt' files. User not added to our valid users list.
[WARN ] 2019-04-04 17:56:16.077 [main] Constants:65 - Problem at line 9 in 'users.txt' files. User not added to our valid users list.
[WARN ] 2019-04-04 17:56:16.093 [main] Constants:121 - Problem at line 1 in 'accounts.txt' files. Account didn't count to the total number of valid accounts.
[WARN ] 2019-04-04 17:56:16.093 [main] Constants:121 - Problem at line 2 in 'accounts.txt' files. Account didn't count to the total number of valid accounts.
[WARN ] 2019-04-04 17:56:16.093 [main] Constants:121 - Problem at line 3 in 'accounts.txt' files. Account didn't count to the total number of valid accounts.
[WARN ] 2019-04-04 17:56:16.093 [main] Constants:121 - Problem at line 4 in 'accounts.txt' files. Account didn't count to the total number of valid accounts.
[WARN ] 2019-04-04 18:01:54.151 [main] Constants:65 - Problem at line 6 in 'users.txt' files. User not added to our valid users list.
[WARN ] 2019-04-04 18:01:54.153 [main] Constants:65 - Problem at line 7 in 'users.txt' files. User not added to our valid users list.
[WARN ] 2019-04-04 18:01:54.153 [main] Constants:65 - Problem at line 9 in 'users.txt' files. User not added to our valid users list.
[WARN ] 2019-04-04 18:01:54.153 [main] Constants:121 - Problem at line 1 in 'accounts.txt' files. Account didn't count to the total number of valid accounts.
[WARN ] 2019-04-04 18:01:54.153 [main] Constants:121 - Problem at line 2 in 'accounts.txt' files. Account didn't count to the total number of valid accounts.
[WARN ] 2019-04-04 18:01:54.153 [main] Constants:121 - Problem at line 3 in 'accounts.txt' files. Account didn't count to the total number of valid accounts.
[WARN ] 2019-04-04 18:01:54.153 [main] Constants:121 - Problem at line 4 in 'accounts.txt' files. Account didn't count to the total number of valid accounts.
[WARN ] 2019-04-04 18:10:39.260 [main] Constants:65 - Problem at line 6 in 'users.txt' files. User not added to our valid users list.
[WARN ] 2019-04-04 18:10:39.260 [main] Constants:65 - Problem at line 7 in 'users.txt' files. User not added to our valid users list.
[WARN ] 2019-04-04 18:10:39.260 [main] Constants:65 - Problem at line 9 in 'users.txt' files. User not added to our valid users list.
[WARN ] 2019-04-04 18:10:39.260 [main] Constants:121 - Problem at line 1 in 'accounts.txt' files. Account didn't count to the total number of valid accounts.
[WARN ] 2019-04-04 18:10:39.260 [main] Constants:121 - Problem at line 2 in 'accounts.txt' files. Account didn't count to the total number of valid accounts.
[WARN ] 2019-04-04 18:10:39.260 [main] Constants:121 - Problem at line 3 in 'accounts.txt' files. Account didn't count to the total number of valid accounts.
[WARN ] 2019-04-04 18:10:39.260 [main] Constants:121 - Problem at line 4 in 'accounts.txt' files. Account didn't count to the total number of valid accounts.
[WARN ] 2019-04-04 18:12:41.421 [main] Constants:65 - Problem at line 6 in 'users.txt' files. User not added to our valid users list.
[WARN ] 2019-04-04 18:12:41.421 [main] Constants:65 - Problem at line 7 in 'users.txt' files. User not added to our valid users list.
[WARN ] 2019-04-04 18:12:41.421 [main] Constants:65 - Problem at line 9 in 'users.txt' files. User not added to our valid users list.
[WARN ] 2019-04-04 18:12:41.421 [main] Constants:121 - Problem at line 1 in 'accounts.txt' files. Account didn't count to the total number of valid accounts.
[WARN ] 2019-04-04 18:12:41.421 [main] Constants:121 - Problem at line 2 in 'accounts.txt' files. Account didn't count to the total number of valid accounts.
[WARN ] 2019-04-04 18:12:41.421 [main] Constants:121 - Problem at line 3 in 'accounts.txt' files. Account didn't count to the total number of valid accounts.
[WARN ] 2019-04-04 18:12:41.436 [main] Constants:121 - Problem at line 4 in 'accounts.txt' files. Account didn't count to the total number of valid accounts.
[INFO ] 2019-04-04 18:12:56.458 [main] Constants:75 - Account added successfully.
[WARN ] 2019-04-04 18:16:22.823 [main] Constants:65 - Problem at line 6 in 'users.txt' files. User not added to our valid users list.
[WARN ] 2019-04-04 18:16:22.823 [main] Constants:65 - Problem at line 7 in 'users.txt' files. User not added to our valid users list.
[WARN ] 2019-04-04 18:16:22.823 [main] Constants:65 - Problem at line 9 in 'users.txt' files. User not added to our valid users list.
[WARN ] 2019-04-04 18:16:22.823 [main] Constants:121 - Problem at line 1 in 'accounts.txt' files. Account didn't count to the total number of valid accounts.
[WARN ] 2019-04-04 18:16:22.823 [main] Constants:121 - Problem at line 2 in 'accounts.txt' files. Account didn't count to the total number of valid accounts.
[WARN ] 2019-04-04 18:16:22.823 [main] Constants:121 - Problem at line 3 in 'accounts.txt' files. Account didn't count to the total number of valid accounts.
[WARN ] 2019-04-04 18:16:22.823 [main] Constants:121 - Problem at line 4 in 'accounts.txt' files. Account didn't count to the total number of valid accounts.
[WARN ] 2019-04-04 18:21:03.004 [main] Constants:65 - Problem at line 6 in 'users.txt' files. User not added to our valid users list.
[WARN ] 2019-04-04 18:21:03.004 [main] Constants:65 - Problem at line 7 in 'users.txt' files. User not added to our valid users list.
[WARN ] 2019-04-04 18:21:03.004 [main] Constants:65 - Problem at line 9 in 'users.txt' files. User not added to our valid users list.
[WARN ] 2019-04-04 18:21:03.004 [main] Constants:121 - Problem at line 1 in 'accounts.txt' files. Account didn't count to the total number of valid accounts.
[WARN ] 2019-04-04 18:21:03.004 [main] Constants:121 - Problem at line 2 in 'accounts.txt' files. Account didn't count to the total number of valid accounts.
[WARN ] 2019-04-04 18:21:03.004 [main] Constants:121 - Problem at line 3 in 'accounts.txt' files. Account didn't count to the total number of valid accounts.
[WARN ] 2019-04-04 18:21:03.004 [main] Constants:121 - Problem at line 4 in 'accounts.txt' files. Account didn't count to the total number of valid accounts.
[WARN ] 2019-04-04 18:24:34.784 [main] Constants:65 - Problem at line 6 in 'users.txt' files. User not added to our valid users list.
[WARN ] 2019-04-04 18:24:34.784 [main] Constants:65 - Problem at line 7 in 'users.txt' files. User not added to our valid users list.
[WARN ] 2019-04-04 18:24:34.784 [main] Constants:65 - Problem at line 9 in 'users.txt' files. User not added to our valid users list.
[WARN ] 2019-04-04 18:24:34.784 [main] Constants:121 - Problem at line 1 in 'accounts.txt' files. Account didn't count to the total number of valid accounts.
[WARN ] 2019-04-04 18:24:34.784 [main] Constants:121 - Problem at line 2 in 'accounts.txt' files. Account didn't count to the total number of valid accounts.
[WARN ] 2019-04-04 18:24:34.800 [main] Constants:121 - Problem at line 3 in 'accounts.txt' files. Account didn't count to the total number of valid accounts.
[WARN ] 2019-04-04 18:24:34.800 [main] Constants:121 - Problem at line 4 in 'accounts.txt' files. Account didn't count to the total number of valid accounts.
[INFO ] 2019-04-04 18:25:07.297 [main] Constants:75 - Account added successfully.
[WARN ] 2019-04-04 18:26:34.981 [main] Constants:65 - Problem at line 7 in 'users.txt' files. User not added to our valid users list.
[WARN ] 2019-04-04 18:26:34.981 [main] Constants:65 - Problem at line 8 in 'users.txt' files. User not added to our valid users list.
[WARN ] 2019-04-04 18:26:34.981 [main] Constants:65 - Problem at line 10 in 'users.txt' files. User not added to our valid users list.
[WARN ] 2019-04-04 18:26:34.997 [main] Constants:121 - Problem at line 1 in 'accounts.txt' files. Account didn't count to the total number of valid accounts.
[WARN ] 2019-04-04 18:26:34.997 [main] Constants:121 - Problem at line 2 in 'accounts.txt' files. Account didn't count to the total number of valid accounts.
[WARN ] 2019-04-04 18:26:34.997 [main] Constants:121 - Problem at line 3 in 'accounts.txt' files. Account didn't count to the total number of valid accounts.
[WARN ] 2019-04-04 18:26:34.997 [main] Constants:121 - Problem at line 4 in 'accounts.txt' files. Account didn't count to the total number of valid accounts.
[WARN ] 2019-04-04 18:33:58.182 [main] Constants:65 - Problem at line 7 in 'users.txt' files. User not added to our valid users list.
[WARN ] 2019-04-04 18:33:58.182 [main] Constants:65 - Problem at line 8 in 'users.txt' files. User not added to our valid users list.
[WARN ] 2019-04-04 18:33:58.182 [main] Constants:65 - Problem at line 10 in 'users.txt' files. User not added to our valid users list.
[WARN ] 2019-04-04 18:33:58.182 [main] Constants:121 - Problem at line 1 in 'accounts.txt' files. Account didn't count to the total number of valid accounts.
[WARN ] 2019-04-04 18:33:58.182 [main] Constants:121 - Problem at line 2 in 'accounts.txt' files. Account didn't count to the total number of valid accounts.
[WARN ] 2019-04-04 18:33:58.182 [main] Constants:121 - Problem at line 3 in 'accounts.txt' files. Account didn't count to the total number of valid accounts.
[WARN ] 2019-04-04 18:33:58.182 [main] Constants:121 - Problem at line 4 in 'accounts.txt' files. Account didn't count to the total number of valid accounts.
[INFO ] 2019-04-04 18:34:41.688 [main] Constants:75 - Account added successfully.
[WARN ] 2019-04-04 18:37:51.295 [main] Constants:65 - Problem at line 8 in 'users.txt' files. User not added to our valid users list.
[WARN ] 2019-04-04 18:37:51.295 [main] Constants:65 - Problem at line 9 in 'users.txt' files. User not added to our valid users list.
[WARN ] 2019-04-04 18:37:51.295 [main] Constants:65 - Problem at line 11 in 'users.txt' files. User not added to our valid users list.
[WARN ] 2019-04-04 18:37:51.295 [main] Constants:121 - Problem at line 1 in 'accounts.txt' files. Account didn't count to the total number of valid accounts.
[WARN ] 2019-04-04 18:37:51.295 [main] Constants:121 - Problem at line 2 in 'accounts.txt' files. Account didn't count to the total number of valid accounts.
[WARN ] 2019-04-04 18:37:51.295 [main] Constants:121 - Problem at line 3 in 'accounts.txt' files. Account didn't count to the total number of valid accounts.
[WARN ] 2019-04-04 18:37:51.295 [main] Constants:121 - Problem at line 4 in 'accounts.txt' files. Account didn't count to the total number of valid accounts.
[WARN ] 2019-04-04 18:38:49.276 [main] Constants:65 - Problem at line 8 in 'users.txt' files. User not added to our valid users list.
[WARN ] 2019-04-04 18:38:49.276 [main] Constants:65 - Problem at line 9 in 'users.txt' files. User not added to our valid users list.
[WARN ] 2019-04-04 18:38:49.276 [main] Constants:65 - Problem at line 11 in 'users.txt' files. User not added to our valid users list.
[WARN ] 2019-04-04 18:38:49.276 [main] Constants:121 - Problem at line 1 in 'accounts.txt' files. Account didn't count to the total number of valid accounts.
[WARN ] 2019-04-04 18:38:49.276 [main] Constants:121 - Problem at line 2 in 'accounts.txt' files. Account didn't count to the total number of valid accounts.
[WARN ] 2019-04-04 18:38:49.276 [main] Constants:121 - Problem at line 3 in 'accounts.txt' files. Account didn't count to the total number of valid accounts.
[WARN ] 2019-04-04 18:38:49.276 [main] Constants:121 - Problem at line 4 in 'accounts.txt' files. Account didn't count to the total number of valid accounts.
[WARN ] 2019-04-04 18:41:33.029 [main] Constants:65 - Problem at line 8 in 'users.txt' files. User not added to our valid users list.
[WARN ] 2019-04-04 18:41:33.029 [main] Constants:65 - Problem at line 9 in 'users.txt' files. User not added to our valid users list.
[WARN ] 2019-04-04 18:41:33.029 [main] Constants:65 - Problem at line 11 in 'users.txt' files. User not added to our valid users list.
[WARN ] 2019-04-04 18:41:33.029 [main] Constants:121 - Problem at line 1 in 'accounts.txt' files. Account didn't count to the total number of valid accounts.
[WARN ] 2019-04-04 18:41:33.029 [main] Constants:121 - Problem at line 2 in 'accounts.txt' files. Account didn't count to the total number of valid accounts.
[WARN ] 2019-04-04 18:41:33.029 [main] Constants:121 - Problem at line 3 in 'accounts.txt' files. Account didn't count to the total number of valid accounts.
[WARN ] 2019-04-04 18:41:33.029 [main] Constants:121 - Problem at line 4 in 'accounts.txt' files. Account didn't count to the total number of valid accounts.
[WARN ] 2019-04-04 18:43:21.238 [main] Constants:65 - Problem at line 8 in 'users.txt' files. User not added to our valid users list.
[WARN ] 2019-04-04 18:43:21.238 [main] Constants:65 - Problem at line 9 in 'users.txt' files. User not added to our valid users list.
[WARN ] 2019-04-04 18:43:21.238 [main] Constants:65 - Problem at line 11 in 'users.txt' files. User not added to our valid users list.
[WARN ] 2019-04-04 18:43:21.238 [main] Constants:121 - Problem at line 1 in 'accounts.txt' files. Account didn't count to the total number of valid accounts.
[WARN ] 2019-04-04 18:43:21.238 [main] Constants:121 - Problem at line 2 in 'accounts.txt' files. Account didn't count to the total number of valid accounts.
[WARN ] 2019-04-04 18:43:21.238 [main] Constants:121 - Problem at line 3 in 'accounts.txt' files. Account didn't count to the total number of valid accounts.
[WARN ] 2019-04-04 18:43:21.238 [main] Constants:121 - Problem at line 4 in 'accounts.txt' files. Account didn't count to the total number of valid accounts.
[INFO ] 2019-04-04 18:43:46.912 [main] Constants:75 - Account added successfully.
[WARN ] 2019-04-04 18:45:13.961 [main] Constants:65 - Problem at line 8 in 'users.txt' files. User not added to our valid users list.
[WARN ] 2019-04-04 18:45:13.961 [main] Constants:65 - Problem at line 9 in 'users.txt' files. User not added to our valid users list.
[WARN ] 2019-04-04 18:45:13.961 [main] Constants:65 - Problem at line 11 in 'users.txt' files. User not added to our valid users list.
[WARN ] 2019-04-04 18:45:13.961 [main] Constants:121 - Problem at line 1 in 'accounts.txt' files. Account didn't count to the total number of valid accounts.
[WARN ] 2019-04-04 18:45:13.961 [main] Constants:121 - Problem at line 2 in 'accounts.txt' files. Account didn't count to the total number of valid accounts.
[WARN ] 2019-04-04 18:45:13.976 [main] Constants:121 - Problem at line 3 in 'accounts.txt' files. Account didn't count to the total number of valid accounts.
[WARN ] 2019-04-04 18:45:13.976 [main] Constants:121 - Problem at line 4 in 'accounts.txt' files. Account didn't count to the total number of valid accounts.
[WARN ] 2019-04-04 18:46:07.102 [main] Constants:65 - Problem at line 8 in 'users.txt' files. User not added to our valid users list.
[WARN ] 2019-04-04 18:46:07.102 [main] Constants:65 - Problem at line 9 in 'users.txt' files. User not added to our valid users list.
[WARN ] 2019-04-04 18:46:07.102 [main] Constants:65 - Problem at line 11 in 'users.txt' files. User not added to our valid users list.
[WARN ] 2019-04-04 18:46:07.102 [main] Constants:121 - Problem at line 1 in 'accounts.txt' files. Account didn't count to the total number of valid accounts.
[WARN ] 2019-04-04 18:46:07.102 [main] Constants:121 - Problem at line 2 in 'accounts.txt' files. Account didn't count to the total number of valid accounts.
[WARN ] 2019-04-04 18:46:07.102 [main] Constants:121 - Problem at line 3 in 'accounts.txt' files. Account didn't count to the total number of valid accounts.
[WARN ] 2019-04-04 18:46:07.102 [main] Constants:121 - Problem at line 4 in 'accounts.txt' files. Account didn't count to the total number of valid accounts.
[WARN ] 2019-04-04 18:46:07.102 [main] Constants:121 - Problem at line 5 in 'accounts.txt' files. Account didn't count to the total number of valid accounts.
[WARN ] 2019-04-04 18:49:17.126 [main] Constants:65 - Problem at line 8 in 'users.txt' files. User not added to our valid users list.
[WARN ] 2019-04-04 18:49:17.126 [main] Constants:65 - Problem at line 9 in 'users.txt' files. User not added to our valid users list.
[WARN ] 2019-04-04 18:49:17.126 [main] Constants:65 - Problem at line 11 in 'users.txt' files. User not added to our valid users list.
[WARN ] 2019-04-04 18:49:17.126 [main] Constants:121 - Problem at line 1 in 'accounts.txt' files. Account didn't count to the total number of valid accounts.
[WARN ] 2019-04-04 18:49:17.126 [main] Constants:121 - Problem at line 2 in 'accounts.txt' files. Account didn't count to the total number of valid accounts.
[WARN ] 2019-04-04 18:49:17.126 [main] Constants:121 - Problem at line 3 in 'accounts.txt' files. Account didn't count to the total number of valid accounts.
[WARN ] 2019-04-04 18:49:17.126 [main] Constants:121 - Problem at line 4 in 'accounts.txt' files. Account didn't count to the total number of valid accounts.
[WARN ] 2019-04-04 18:49:17.126 [main] Constants:121 - Problem at line 5 in 'accounts.txt' files. Account didn't count to the total number of valid accounts.
[WARN ] 2019-04-04 18:50:30.227 [main] Constants:65 - Problem at line 8 in 'users.txt' files. User not added to our valid users list.
[WARN ] 2019-04-04 18:50:30.227 [main] Constants:65 - Problem at line 9 in 'users.txt' files. User not added to our valid users list.
[WARN ] 2019-04-04 18:50:30.227 [main] Constants:65 - Problem at line 11 in 'users.txt' files. User not added to our valid users list.
[WARN ] 2019-04-04 18:50:30.227 [main] Constants:121 - Problem at line 1 in 'accounts.txt' files. Account didn't count to the total number of valid accounts.
[WARN ] 2019-04-04 18:50:30.227 [main] Constants:121 - Problem at line 2 in 'accounts.txt' files. Account didn't count to the total number of valid accounts.
[WARN ] 2019-04-04 18:50:30.227 [main] Constants:121 - Problem at line 3 in 'accounts.txt' files. Account didn't count to the total number of valid accounts.
[WARN ] 2019-04-04 18:50:30.227 [main] Constants:121 - Problem at line 4 in 'accounts.txt' files. Account didn't count to the total number of valid accounts.
[WARN ] 2019-04-04 18:50:30.227 [main] Constants:121 - Problem at line 5 in 'accounts.txt' files. Account didn't count to the total number of valid accounts.
[INFO ] 2019-04-04 18:50:53.381 [main] Constants:75 - Account added successfully.
[WARN ] 2019-04-04 18:54:36.001 [main] Constants:65 - Problem at line 8 in 'users.txt' files. User not added to our valid users list.
[WARN ] 2019-04-04 18:54:36.001 [main] Constants:65 - Problem at line 9 in 'users.txt' files. User not added to our valid users list.
[WARN ] 2019-04-04 18:54:36.001 [main] Constants:65 - Problem at line 11 in 'users.txt' files. User not added to our valid users list.
[WARN ] 2019-04-04 18:54:36.017 [main] Constants:121 - Problem at line 1 in 'accounts.txt' files. Account didn't count to the total number of valid accounts.
[WARN ] 2019-04-04 18:54:36.017 [main] Constants:121 - Problem at line 2 in 'accounts.txt' files. Account didn't count to the total number of valid accounts.
[WARN ] 2019-04-04 18:54:36.017 [main] Constants:121 - Problem at line 3 in 'accounts.txt' files. Account didn't count to the total number of valid accounts.
[WARN ] 2019-04-04 18:54:36.017 [main] Constants:121 - Problem at line 4 in 'accounts.txt' files. Account didn't count to the total number of valid accounts.
[WARN ] 2019-04-04 18:54:36.017 [main] Constants:121 - Problem at line 5 in 'accounts.txt' files. Account didn't count to the total number of valid accounts.
[WARN ] 2019-04-04 18:55:30.447 [main] Constants:65 - Problem at line 8 in 'users.txt' files. User not added to our valid users list.
[WARN ] 2019-04-04 18:55:30.447 [main] Constants:65 - Problem at line 9 in 'users.txt' files. User not added to our valid users list.
[WARN ] 2019-04-04 18:55:30.447 [main] Constants:65 - Problem at line 11 in 'users.txt' files. User not added to our valid users list.
[WARN ] 2019-04-04 18:55:30.447 [main] Constants:121 - Problem at line 1 in 'accounts.txt' files. Account didn't count to the total number of valid accounts.
[WARN ] 2019-04-04 18:55:30.447 [main] Constants:121 - Problem at line 2 in 'accounts.txt' files. Account didn't count to the total number of valid accounts.
[WARN ] 2019-04-04 18:55:30.447 [main] Constants:121 - Problem at line 3 in 'accounts.txt' files. Account didn't count to the total number of valid accounts.
[WARN ] 2019-04-04 18:55:30.463 [main] Constants:121 - Problem at line 4 in 'accounts.txt' files. Account didn't count to the total number of valid accounts.
[WARN ] 2019-04-04 18:55:30.463 [main] Constants:121 - Problem at line 5 in 'accounts.txt' files. Account didn't count to the total number of valid accounts.
[INFO ] 2019-04-04 18:55:45.993 [main] Constants:75 - Account added successfully.
[WARN ] 2019-04-04 18:58:09.163 [main] Constants:65 - Problem at line 8 in 'users.txt' files. User not added to our valid users list.
[WARN ] 2019-04-04 18:58:09.163 [main] Constants:65 - Problem at line 9 in 'users.txt' files. User not added to our valid users list.
[WARN ] 2019-04-04 18:58:09.163 [main] Constants:65 - Problem at line 11 in 'users.txt' files. User not added to our valid users list.
[WARN ] 2019-04-04 18:58:09.179 [main] Constants:121 - Problem at line 1 in 'accounts.txt' files. Account didn't count to the total number of valid accounts.
[WARN ] 2019-04-04 18:58:09.179 [main] Constants:121 - Problem at line 2 in 'accounts.txt' files. Account didn't count to the total number of valid accounts.
[WARN ] 2019-04-04 18:58:09.179 [main] Constants:121 - Problem at line 3 in 'accounts.txt' files. Account didn't count to the total number of valid accounts.
[WARN ] 2019-04-04 18:58:09.179 [main] Constants:121 - Problem at line 4 in 'accounts.txt' files. Account didn't count to the total number of valid accounts.
[WARN ] 2019-04-04 18:58:09.179 [main] Constants:121 - Problem at line 5 in 'accounts.txt' files. Account didn't count to the total number of valid accounts.
[WARN ] 2019-04-04 18:58:20.991 [main] Constants:65 - Problem at line 8 in 'users.txt' files. User not added to our valid users list.
[WARN ] 2019-04-04 18:58:20.991 [main] Constants:65 - Problem at line 9 in 'users.txt' files. User not added to our valid users list.
[WARN ] 2019-04-04 18:58:20.991 [main] Constants:65 - Problem at line 11 in 'users.txt' files. User not added to our valid users list.
[WARN ] 2019-04-04 18:58:20.991 [main] Constants:121 - Problem at line 1 in 'accounts.txt' files. Account didn't count to the total number of valid accounts.
[WARN ] 2019-04-04 18:58:20.991 [main] Constants:121 - Problem at line 2 in 'accounts.txt' files. Account didn't count to the total number of valid accounts.
[WARN ] 2019-04-04 18:58:20.991 [main] Constants:121 - Problem at line 3 in 'accounts.txt' files. Account didn't count to the total number of valid accounts.
[WARN ] 2019-04-04 18:58:20.991 [main] Constants:121 - Problem at line 4 in 'accounts.txt' files. Account didn't count to the total number of valid accounts.
[WARN ] 2019-04-04 18:58:20.991 [main] Constants:121 - Problem at line 5 in 'accounts.txt' files. Account didn't count to the total number of valid accounts.
[INFO ] 2019-04-04 18:58:37.989 [main] Constants:75 - Account added successfully.
[WARN ] 2019-04-04 19:01:52.085 [main] Constants:65 - Problem at line 8 in 'users.txt' files. User not added to our valid users list.
[WARN ] 2019-04-04 19:01:52.085 [main] Constants:65 - Problem at line 9 in 'users.txt' files. User not added to our valid users list.
[WARN ] 2019-04-04 19:01:52.085 [main] Constants:65 - Problem at line 11 in 'users.txt' files. User not added to our valid users list.
[WARN ] 2019-04-04 19:01:52.100 [main] Constants:121 - Problem at line 1 in 'accounts.txt' files. Account didn't count to the total number of valid accounts.
[WARN ] 2019-04-04 19:01:52.100 [main] Constants:121 - Problem at line 2 in 'accounts.txt' files. Account didn't count to the total number of valid accounts.
[WARN ] 2019-04-04 19:01:52.100 [main] Constants:121 - Problem at line 3 in 'accounts.txt' files. Account didn't count to the total number of valid accounts.
[WARN ] 2019-04-04 19:01:52.100 [main] Constants:121 - Problem at line 4 in 'accounts.txt' files. Account didn't count to the total number of valid accounts.
[WARN ] 2019-04-04 19:07:52.254 [main] Constants:65 - Problem at line 8 in 'users.txt' files. User not added to our valid users list.
[WARN ] 2019-04-04 19:07:52.254 [main] Constants:65 - Problem at line 9 in 'users.txt' files. User not added to our valid users list.
[WARN ] 2019-04-04 19:07:52.254 [main] Constants:65 - Problem at line 11 in 'users.txt' files. User not added to our valid users list.
[WARN ] 2019-04-04 19:07:52.254 [main] Constants:121 - Problem at line 1 in 'accounts.txt' files. Account didn't count to the total number of valid accounts.
[WARN ] 2019-04-04 19:07:52.254 [main] Constants:121 - Problem at line 2 in 'accounts.txt' files. Account didn't count to the total number of valid accounts.
[WARN ] 2019-04-04 19:07:52.254 [main] Constants:121 - Problem at line 3 in 'accounts.txt' files. Account didn't count to the total number of valid accounts.
[WARN ] 2019-04-04 19:07:52.254 [main] Constants:121 - Problem at line 4 in 'accounts.txt' files. Account didn't count to the total number of valid accounts.
[INFO ] 2019-04-04 19:08:31.639 [main] Constants:75 - Account added successfully.
[WARN ] 2019-04-04 19:10:17.619 [main] Constants:65 - Problem at line 8 in 'users.txt' files. User not added to our valid users list.
[WARN ] 2019-04-04 19:10:17.619 [main] Constants:65 - Problem at line 9 in 'users.txt' files. User not added to our valid users list.
[WARN ] 2019-04-04 19:10:17.619 [main] Constants:65 - Problem at line 11 in 'users.txt' files. User not added to our valid users list.
[WARN ] 2019-04-04 19:10:17.619 [main] Constants:121 - Problem at line 1 in 'accounts.txt' files. Account didn't count to the total number of valid accounts.
[WARN ] 2019-04-04 19:10:17.635 [main] Constants:121 - Problem at line 2 in 'accounts.txt' files. Account didn't count to the total number of valid accounts.
[WARN ] 2019-04-04 19:10:17.635 [main] Constants:121 - Problem at line 3 in 'accounts.txt' files. Account didn't count to the total number of valid accounts.
[WARN ] 2019-04-04 19:10:17.635 [main] Constants:121 - Problem at line 4 in 'accounts.txt' files. Account didn't count to the total number of valid accounts.
[INFO ] 2019-04-04 19:10:54.429 [main] Constants:75 - Account added successfully.
[WARN ] 2019-04-04 19:11:44.920 [main] Constants:65 - Problem at line 8 in 'users.txt' files. User not added to our valid users list.
[WARN ] 2019-04-04 19:11:44.920 [main] Constants:65 - Problem at line 9 in 'users.txt' files. User not added to our valid users list.
[WARN ] 2019-04-04 19:11:44.920 [main] Constants:65 - Problem at line 11 in 'users.txt' files. User not added to our valid users list.
[WARN ] 2019-04-04 19:11:44.920 [main] Constants:121 - Problem at line 1 in 'accounts.txt' files. Account didn't count to the total number of valid accounts.
[WARN ] 2019-04-04 19:11:44.920 [main] Constants:121 - Problem at line 2 in 'accounts.txt' files. Account didn't count to the total number of valid accounts.
[WARN ] 2019-04-04 19:11:44.936 [main] Constants:121 - Problem at line 3 in 'accounts.txt' files. Account didn't count to the total number of valid accounts.
[WARN ] 2019-04-04 19:11:44.936 [main] Constants:121 - Problem at line 4 in 'accounts.txt' files. Account didn't count to the total number of valid accounts.
[WARN ] 2019-04-04 19:11:44.936 [main] Constants:121 - Problem at line 5 in 'accounts.txt' files. Account didn't count to the total number of valid accounts.
[INFO ] 2019-04-04 19:12:10.997 [main] Constants:75 - Account added successfully.
[INFO ] 2019-04-04 19:12:40.527 [main] Constants:75 - Account added successfully.
[WARN ] 2019-04-04 19:17:30.682 [main] Constants:65 - Problem at line 8 in 'users.txt' files. User not added to our valid users list.
[WARN ] 2019-04-04 19:17:30.682 [main] Constants:65 - Problem at line 9 in 'users.txt' files. User not added to our valid users list.
[WARN ] 2019-04-04 19:17:30.682 [main] Constants:65 - Problem at line 11 in 'users.txt' files. User not added to our valid users list.
[WARN ] 2019-04-04 19:17:30.682 [main] Constants:121 - Problem at line 1 in 'accounts.txt' files. Account didn't count to the total number of valid accounts.
[WARN ] 2019-04-04 19:17:30.682 [main] Constants:121 - Problem at line 2 in 'accounts.txt' files. Account didn't count to the total number of valid accounts.
[WARN ] 2019-04-04 19:17:30.682 [main] Constants:121 - Problem at line 3 in 'accounts.txt' files. Account didn't count to the total number of valid accounts.
[WARN ] 2019-04-04 19:17:30.682 [main] Constants:121 - Problem at line 4 in 'accounts.txt' files. Account didn't count to the total number of valid accounts.
[INFO ] 2019-04-04 19:17:49.634 [main] Constants:75 - Account added successfully.
[INFO ] 2019-04-04 19:18:22.277 [main] Constants:75 - Account added successfully.
[WARN ] 2019-04-04 19:28:04.773 [main] Constants:65 - Problem at line 8 in 'users.txt' files. User not added to our valid users list.
[WARN ] 2019-04-04 19:28:04.773 [main] Constants:65 - Problem at line 9 in 'users.txt' files. User not added to our valid users list.
[WARN ] 2019-04-04 19:28:04.773 [main] Constants:65 - Problem at line 11 in 'users.txt' files. User not added to our valid users list.
[WARN ] 2019-04-04 19:28:04.773 [main] Constants:121 - Problem at line 1 in 'accounts.txt' files. Account didn't count to the total number of valid accounts.
[WARN ] 2019-04-04 19:28:04.773 [main] Constants:121 - Problem at line 2 in 'accounts.txt' files. Account didn't count to the total number of valid accounts.
[WARN ] 2019-04-04 19:28:04.773 [main] Constants:121 - Problem at line 3 in 'accounts.txt' files. Account didn't count to the total number of valid accounts.
[WARN ] 2019-04-04 19:28:04.773 [main] Constants:121 - Problem at line 4 in 'accounts.txt' files. Account didn't count to the total number of valid accounts.
[WARN ] 2019-04-04 19:28:24.225 [main] Constants:65 - Problem at line 8 in 'users.txt' files. User not added to our valid users list.
[WARN ] 2019-04-04 19:28:24.225 [main] Constants:65 - Problem at line 9 in 'users.txt' files. User not added to our valid users list.
[WARN ] 2019-04-04 19:28:24.241 [main] Constants:65 - Problem at line 11 in 'users.txt' files. User not added to our valid users list.
[WARN ] 2019-04-04 19:28:24.241 [main] Constants:121 - Problem at line 1 in 'accounts.txt' files. Account didn't count to the total number of valid accounts.
[WARN ] 2019-04-04 19:28:24.241 [main] Constants:121 - Problem at line 2 in 'accounts.txt' files. Account didn't count to the total number of valid accounts.
[WARN ] 2019-04-04 19:28:24.241 [main] Constants:121 - Problem at line 3 in 'accounts.txt' files. Account didn't count to the total number of valid accounts.
[WARN ] 2019-04-04 19:28:24.241 [main] Constants:121 - Problem at line 4 in 'accounts.txt' files. Account didn't count to the total number of valid accounts.
[WARN ] 2019-04-04 19:28:30.365 [main] Constants:65 - Problem at line 8 in 'users.txt' files. User not added to our valid users list.
[WARN ] 2019-04-04 19:28:30.365 [main] Constants:65 - Problem at line 9 in 'users.txt' files. User not added to our valid users list.
[WARN ] 2019-04-04 19:28:30.365 [main] Constants:65 - Problem at line 11 in 'users.txt' files. User not added to our valid users list.
[WARN ] 2019-04-04 19:28:30.365 [main] Constants:121 - Problem at line 1 in 'accounts.txt' files. Account didn't count to the total number of valid accounts.
[WARN ] 2019-04-04 19:28:30.365 [main] Constants:121 - Problem at line 2 in 'accounts.txt' files. Account didn't count to the total number of valid accounts.
[WARN ] 2019-04-04 19:28:30.365 [main] Constants:121 - Problem at line 3 in 'accounts.txt' files. Account didn't count to the total number of valid accounts.
[WARN ] 2019-04-04 19:28:30.365 [main] Constants:121 - Problem at line 4 in 'accounts.txt' files. Account didn't count to the total number of valid accounts.
[INFO ] 2019-04-04 19:29:00.879 [main] Constants:75 - Account added successfully.
[WARN ] 2019-04-04 19:51:24.448 [main] Constants:65 - Problem at line 8 in 'users.txt' files. User not added to our valid users list.
[WARN ] 2019-04-04 19:51:24.448 [main] Constants:65 - Problem at line 9 in 'users.txt' files. User not added to our valid users list.
[WARN ] 2019-04-04 19:51:24.448 [main] Constants:65 - Problem at line 11 in 'users.txt' files. User not added to our valid users list.
[WARN ] 2019-04-04 19:51:24.448 [main] Constants:121 - Problem at line 1 in 'accounts.txt' files. Account didn't count to the total number of valid accounts.
[WARN ] 2019-04-04 19:51:24.448 [main] Constants:121 - Problem at line 2 in 'accounts.txt' files. Account didn't count to the total number of valid accounts.
[WARN ] 2019-04-04 19:51:24.448 [main] Constants:121 - Problem at line 3 in 'accounts.txt' files. Account didn't count to the total number of valid accounts.
[WARN ] 2019-04-04 19:51:24.448 [main] Constants:121 - Problem at line 4 in 'accounts.txt' files. Account didn't count to the total number of valid accounts.
[WARN ] 2019-04-04 19:51:33.900 [main] Constants:65 - Problem at line 8 in 'users.txt' files. User not added to our valid users list.
[WARN ] 2019-04-04 19:51:33.900 [main] Constants:65 - Problem at line 9 in 'users.txt' files. User not added to our valid users list.
[WARN ] 2019-04-04 19:51:33.900 [main] Constants:65 - Problem at line 11 in 'users.txt' files. User not added to our valid users list.
[WARN ] 2019-04-04 19:51:33.900 [main] Constants:121 - Problem at line 1 in 'accounts.txt' files. Account didn't count to the total number of valid accounts.
[WARN ] 2019-04-04 19:51:33.900 [main] Constants:121 - Problem at line 2 in 'accounts.txt' files. Account didn't count to the total number of valid accounts.
[WARN ] 2019-04-04 19:51:33.900 [main] Constants:121 - Problem at line 3 in 'accounts.txt' files. Account didn't count to the total number of valid accounts.
[WARN ] 2019-04-04 19:51:33.900 [main] Constants:121 - Problem at line 4 in 'accounts.txt' files. Account didn't count to the total number of valid accounts.
[WARN ] 2019-04-04 20:08:47.378 [main] Constants:65 - Problem at line 8 in 'users.txt' files. User not added to our valid users list.
[WARN ] 2019-04-04 20:08:47.378 [main] Constants:65 - Problem at line 9 in 'users.txt' files. User not added to our valid users list.
[WARN ] 2019-04-04 20:08:47.378 [main] Constants:65 - Problem at line 11 in 'users.txt' files. User not added to our valid users list.
[WARN ] 2019-04-04 20:08:47.378 [main] Constants:121 - Problem at line 1 in 'accounts.txt' files. Account didn't count to the total number of valid accounts.
[WARN ] 2019-04-04 20:08:47.378 [main] Constants:121 - Problem at line 2 in 'accounts.txt' files. Account didn't count to the total number of valid accounts.
[WARN ] 2019-04-04 20:08:47.378 [main] Constants:121 - Problem at line 3 in 'accounts.txt' files. Account didn't count to the total number of valid accounts.
[WARN ] 2019-04-04 20:08:47.378 [main] Constants:121 - Problem at line 4 in 'accounts.txt' files. Account didn't count to the total number of valid accounts.
[INFO ] 2019-04-04 20:09:05.552 [main] Constants:75 - Account added successfully.
[INFO ] 2019-04-04 20:09:14.864 [main] Constants:75 - Account added successfully.
[WARN ] 2019-04-04 22:31:44.331 [main] Constants:65 - Problem at line 8 in 'users.txt' files. User not added to our valid users list.
[WARN ] 2019-04-04 22:31:44.331 [main] Constants:65 - Problem at line 9 in 'users.txt' files. User not added to our valid users list.
[WARN ] 2019-04-04 22:31:44.331 [main] Constants:65 - Problem at line 11 in 'users.txt' files. User not added to our valid users list.
[WARN ] 2019-04-04 22:31:44.336 [main] Constants:121 - Problem at line 1 in 'accounts.txt' files. Account didn't count to the total number of valid accounts.
[WARN ] 2019-04-04 22:31:44.336 [main] Constants:121 - Problem at line 2 in 'accounts.txt' files. Account didn't count to the total number of valid accounts.
[WARN ] 2019-04-04 22:31:44.336 [main] Constants:121 - Problem at line 3 in 'accounts.txt' files. Account didn't count to the total number of valid accounts.
[WARN ] 2019-04-04 22:31:44.336 [main] Constants:121 - Problem at line 4 in 'accounts.txt' files. Account didn't count to the total number of valid accounts.
[WARN ] 2019-04-04 22:48:25.489 [main] Constants:65 - Problem at line 8 in 'users.txt' files. User not added to our valid users list.
[WARN ] 2019-04-04 22:48:25.491 [main] Constants:65 - Problem at line 9 in 'users.txt' files. User not added to our valid users list.
[WARN ] 2019-04-04 22:48:25.491 [main] Constants:65 - Problem at line 11 in 'users.txt' files. User not added to our valid users list.
[WARN ] 2019-04-04 22:48:25.491 [main] Constants:121 - Problem at line 1 in 'accounts.txt' files. Account didn't count to the total number of valid accounts.
[WARN ] 2019-04-04 22:48:25.491 [main] Constants:121 - Problem at line 2 in 'accounts.txt' files. Account didn't count to the total number of valid accounts.
[WARN ] 2019-04-04 22:48:25.491 [main] Constants:121 - Problem at line 3 in 'accounts.txt' files. Account didn't count to the total number of valid accounts.
[WARN ] 2019-04-04 22:48:25.498 [main] Constants:121 - Problem at line 4 in 'accounts.txt' files. Account didn't count to the total number of valid accounts.
[ERROR] 2019-04-05 00:03:10.888 [main] Constants:72 - Database file not found. We can't proceed with checking credentials.
[WARN ] 2019-04-05 00:05:27.928 [main] Constants:68 - Problem at line 8 in 'users.txt' files. User not added to our valid users list.
[WARN ] 2019-04-05 00:05:27.944 [main] Constants:68 - Problem at line 9 in 'users.txt' files. User not added to our valid users list.
[WARN ] 2019-04-05 00:05:27.944 [main] Constants:68 - Problem at line 11 in 'users.txt' files. User not added to our valid users list.
[WARN ] 2019-04-05 00:05:27.944 [main] Constants:124 - Problem at line 1 in 'accounts.txt' files. Account didn't count to the total number of valid accounts.
[WARN ] 2019-04-05 00:05:27.944 [main] Constants:124 - Problem at line 2 in 'accounts.txt' files. Account didn't count to the total number of valid accounts.
[WARN ] 2019-04-05 00:05:27.944 [main] Constants:124 - Problem at line 3 in 'accounts.txt' files. Account didn't count to the total number of valid accounts.
[WARN ] 2019-04-05 00:05:27.944 [main] Constants:124 - Problem at line 4 in 'accounts.txt' files. Account didn't count to the total number of valid accounts.
[WARN ] 2019-04-05 00:07:13.950 [main] Constants:68 - Problem at line 8 in 'users.txt' files. User not added to our valid users list.
[WARN ] 2019-04-05 00:07:13.950 [main] Constants:68 - Problem at line 9 in 'users.txt' files. User not added to our valid users list.
[WARN ] 2019-04-05 00:07:13.950 [main] Constants:68 - Problem at line 11 in 'users.txt' files. User not added to our valid users list.
[WARN ] 2019-04-05 00:07:13.950 [main] Constants:124 - Problem at line 1 in 'accounts.txt' files. Account didn't count to the total number of valid accounts.
[WARN ] 2019-04-05 00:07:13.950 [main] Constants:124 - Problem at line 2 in 'accounts.txt' files. Account didn't count to the total number of valid accounts.
[WARN ] 2019-04-05 00:07:13.950 [main] Constants:124 - Problem at line 3 in 'accounts.txt' files. Account didn't count to the total number of valid accounts.
[WARN ] 2019-04-05 00:07:13.950 [main] Constants:124 - Problem at line 4 in 'accounts.txt' files. Account didn't count to the total number of valid accounts.
[WARN ] 2019-04-05 00:09:46.251 [main] Constants:68 - Problem at line 8 in 'users.txt' files. User not added to our valid users list.
[WARN ] 2019-04-05 00:09:46.251 [main] Constants:68 - Problem at line 9 in 'users.txt' files. User not added to our valid users list.
[WARN ] 2019-04-05 00:09:46.251 [main] Constants:68 - Problem at line 11 in 'users.txt' files. User not added to our valid users list.
[WARN ] 2019-04-05 00:09:46.251 [main] Constants:124 - Problem at line 1 in 'accounts.txt' files. Account didn't count to the total number of valid accounts.
[WARN ] 2019-04-05 00:09:46.251 [main] Constants:124 - Problem at line 2 in 'accounts.txt' files. Account didn't count to the total number of valid accounts.
[WARN ] 2019-04-05 00:09:46.251 [main] Constants:124 - Problem at line 3 in 'accounts.txt' files. Account didn't count to the total number of valid accounts.
[WARN ] 2019-04-05 00:09:46.251 [main] Constants:124 - Problem at line 4 in 'accounts.txt' files. Account didn't count to the total number of valid accounts.
[WARN ] 2019-04-05 00:12:43.091 [main] Constants:69 - Problem at line 8 in 'users.txt' files. User not added to our valid users list.
[WARN ] 2019-04-05 00:12:43.091 [main] Constants:69 - Problem at line 9 in 'users.txt' files. User not added to our valid users list.
[WARN ] 2019-04-05 00:12:43.091 [main] Constants:69 - Problem at line 11 in 'users.txt' files. User not added to our valid users list.
[WARN ] 2019-04-05 00:12:43.091 [main] Constants:125 - Problem at line 1 in 'accounts.txt' files. Account didn't count to the total number of valid accounts.
[WARN ] 2019-04-05 00:12:43.091 [main] Constants:125 - Problem at line 2 in 'accounts.txt' files. Account didn't count to the total number of valid accounts.
[WARN ] 2019-04-05 00:12:43.091 [main] Constants:125 - Problem at line 3 in 'accounts.txt' files. Account didn't count to the total number of valid accounts.
[WARN ] 2019-04-05 00:12:43.091 [main] Constants:125 - Problem at line 4 in 'accounts.txt' files. Account didn't count to the total number of valid accounts.
[WARN ] 2019-04-05 00:15:43.474 [main] Constants:69 - Problem at line 8 in 'users.txt' files. User not added to our valid users list.
[WARN ] 2019-04-05 00:15:43.474 [main] Constants:69 - Problem at line 9 in 'users.txt' files. User not added to our valid users list.
[WARN ] 2019-04-05 00:15:43.474 [main] Constants:69 - Problem at line 11 in 'users.txt' files. User not added to our valid users list.
[WARN ] 2019-04-05 00:15:43.490 [main] Constants:129 - Problem at line 1 in 'accounts.txt' files. Account didn't count to the total number of valid accounts.
[WARN ] 2019-04-05 00:15:43.490 [main] Constants:129 - Problem at line 2 in 'accounts.txt' files. Account didn't count to the total number of valid accounts.
[WARN ] 2019-04-05 00:15:43.490 [main] Constants:129 - Problem at line 3 in 'accounts.txt' files. Account didn't count to the total number of valid accounts.
[WARN ] 2019-04-05 00:15:43.490 [main] Constants:129 - Problem at line 4 in 'accounts.txt' files. Account didn't count to the total number of valid accounts.
[WARN ] 2019-04-05 00:19:43.116 [main] Constants:66 - Problem at line 8 in 'users.txt' files. User not added to our valid users list.
[WARN ] 2019-04-05 00:19:43.116 [main] Constants:66 - Problem at line 9 in 'users.txt' files. User not added to our valid users list.
[WARN ] 2019-04-05 00:19:43.116 [main] Constants:66 - Problem at line 11 in 'users.txt' files. User not added to our valid users list.
[WARN ] 2019-04-05 00:19:43.116 [main] Constants:126 - Problem at line 1 in 'accounts.txt' files. Account didn't count to the total number of valid accounts.
[WARN ] 2019-04-05 00:19:43.116 [main] Constants:126 - Problem at line 2 in 'accounts.txt' files. Account didn't count to the total number of valid accounts.
[WARN ] 2019-04-05 00:19:43.116 [main] Constants:126 - Problem at line 3 in 'accounts.txt' files. Account didn't count to the total number of valid accounts.
[WARN ] 2019-04-05 00:19:43.132 [main] Constants:126 - Problem at line 4 in 'accounts.txt' files. Account didn't count to the total number of valid accounts.
[WARN ] 2019-04-05 00:34:32.988 [main] Constants:66 - Problem at line 8 in 'users.txt' files. User not added to our valid users list.
[WARN ] 2019-04-05 00:34:32.988 [main] Constants:66 - Problem at line 9 in 'users.txt' files. User not added to our valid users list.
[WARN ] 2019-04-05 00:34:32.988 [main] Constants:66 - Problem at line 11 in 'users.txt' files. User not added to our valid users list.
[WARN ] 2019-04-05 00:34:32.988 [main] Constants:126 - Problem at line 1 in 'accounts.txt' files. Account didn't count to the total number of valid accounts.
[WARN ] 2019-04-05 00:34:32.988 [main] Constants:126 - Problem at line 2 in 'accounts.txt' files. Account didn't count to the total number of valid accounts.
[WARN ] 2019-04-05 00:34:32.988 [main] Constants:126 - Problem at line 3 in 'accounts.txt' files. Account didn't count to the total number of valid accounts.
[WARN ] 2019-04-05 00:34:32.988 [main] Constants:126 - Problem at line 4 in 'accounts.txt' files. Account didn't count to the total number of valid accounts.
[WARN ] 2019-04-06 19:25:45.200 [main] Constants:67 - Problem at line 8 in 'users.txt' files. User not added to our valid users list.
[WARN ] 2019-04-06 19:25:45.216 [main] Constants:67 - Problem at line 9 in 'users.txt' files. User not added to our valid users list.
[WARN ] 2019-04-06 19:25:45.216 [main] Constants:67 - Problem at line 11 in 'users.txt' files. User not added to our valid users list.
[WARN ] 2019-04-06 19:25:45.232 [main] Constants:127 - Problem at line 1 in 'accounts.txt' files. Account didn't count to the total number of valid accounts.
[WARN ] 2019-04-06 19:25:45.238 [main] Constants:127 - Problem at line 2 in 'accounts.txt' files. Account didn't count to the total number of valid accounts.
[WARN ] 2019-04-06 19:25:45.238 [main] Constants:127 - Problem at line 3 in 'accounts.txt' files. Account didn't count to the total number of valid accounts.
[WARN ] 2019-04-06 19:25:45.238 [main] Constants:127 - Problem at line 4 in 'accounts.txt' files. Account didn't count to the total number of valid accounts.
[WARN ] 2019-04-06 19:26:48.168 [main] Constants:67 - Problem at line 8 in 'users.txt' files. User not added to our valid users list.
[WARN ] 2019-04-06 19:26:48.168 [main] Constants:67 - Problem at line 9 in 'users.txt' files. User not added to our valid users list.
[WARN ] 2019-04-06 19:26:48.168 [main] Constants:67 - Problem at line 11 in 'users.txt' files. User not added to our valid users list.
[WARN ] 2019-04-06 19:26:48.168 [main] Constants:127 - Problem at line 1 in 'accounts.txt' files. Account didn't count to the total number of valid accounts.
[WARN ] 2019-04-06 19:26:48.168 [main] Constants:127 - Problem at line 2 in 'accounts.txt' files. Account didn't count to the total number of valid accounts.
[WARN ] 2019-04-06 19:26:48.168 [main] Constants:127 - Problem at line 3 in 'accounts.txt' files. Account didn't count to the total number of valid accounts.
[WARN ] 2019-04-06 19:26:48.168 [main] Constants:127 - Problem at line 4 in 'accounts.txt' files. Account didn't count to the total number of valid accounts.
[WARN ] 2019-04-06 19:31:00.555 [main] Constants:67 - Problem at line 8 in 'users.txt' files. User not added to our valid users list.
[WARN ] 2019-04-06 19:31:00.556 [main] Constants:67 - Problem at line 9 in 'users.txt' files. User not added to our valid users list.
[WARN ] 2019-04-06 19:31:00.557 [main] Constants:67 - Problem at line 11 in 'users.txt' files. User not added to our valid users list.
[WARN ] 2019-04-06 19:31:00.561 [main] Constants:127 - Problem at line 1 in 'accounts.txt' files. Account didn't count to the total number of valid accounts.
[WARN ] 2019-04-06 19:31:00.563 [main] Constants:127 - Problem at line 2 in 'accounts.txt' files. Account didn't count to the total number of valid accounts.
[WARN ] 2019-04-06 19:31:00.565 [main] Constants:127 - Problem at line 3 in 'accounts.txt' files. Account didn't count to the total number of valid accounts.
[WARN ] 2019-04-06 19:31:00.566 [main] Constants:127 - Problem at line 4 in 'accounts.txt' files. Account didn't count to the total number of valid accounts.
[WARN ] 2019-04-06 19:47:59.627 [main] Constants:65 - Problem at line 8 in 'users.txt' files. User not added to our valid users list.
[WARN ] 2019-04-06 19:47:59.627 [main] Constants:65 - Problem at line 9 in 'users.txt' files. User not added to our valid users list.
[WARN ] 2019-04-06 19:47:59.627 [main] Constants:65 - Problem at line 11 in 'users.txt' files. User not added to our valid users list.
[WARN ] 2019-04-06 19:47:59.627 [main] Constants:120 - Problem at line 1 in 'accounts.txt' files. Account didn't count to the total number of valid accounts.
[WARN ] 2019-04-06 19:47:59.627 [main] Constants:120 - Problem at line 2 in 'accounts.txt' files. Account didn't count to the total number of valid accounts.
[WARN ] 2019-04-06 19:47:59.627 [main] Constants:120 - Problem at line 3 in 'accounts.txt' files. Account didn't count to the total number of valid accounts.
[WARN ] 2019-04-06 19:47:59.627 [main] Constants:120 - Problem at line 4 in 'accounts.txt' files. Account didn't count to the total number of valid accounts.
[WARN ] 2019-04-06 20:00:48.429 [main] Constants:65 - Problem at line 8 in 'users.txt' files. User not added to our valid users list.
[WARN ] 2019-04-06 20:00:48.429 [main] Constants:65 - Problem at line 9 in 'users.txt' files. User not added to our valid users list.
[WARN ] 2019-04-06 20:00:48.429 [main] Constants:65 - Problem at line 11 in 'users.txt' files. User not added to our valid users list.
[WARN ] 2019-04-06 20:00:48.429 [main] Constants:120 - Problem at line 1 in 'accounts.txt' files. Account didn't count to the total number of valid accounts.
[WARN ] 2019-04-06 20:00:48.429 [main] Constants:120 - Problem at line 2 in 'accounts.txt' files. Account didn't count to the total number of valid accounts.
[WARN ] 2019-04-06 20:00:48.429 [main] Constants:120 - Problem at line 3 in 'accounts.txt' files. Account didn't count to the total number of valid accounts.
[WARN ] 2019-04-06 20:00:48.429 [main] Constants:120 - Problem at line 4 in 'accounts.txt' files. Account didn't count to the total number of valid accounts.
[WARN ] 2019-04-06 20:16:55.579 [main] Constants:66 - Problem at line 8 in 'users.txt' files. User not added to our valid users list.
[WARN ] 2019-04-06 20:16:55.579 [main] Constants:66 - Problem at line 9 in 'users.txt' files. User not added to our valid users list.
[WARN ] 2019-04-06 20:16:55.579 [main] Constants:66 - Problem at line 11 in 'users.txt' files. User not added to our valid users list.
[WARN ] 2019-04-06 20:16:55.579 [main] Constants:121 - Problem at line 1 in 'accounts.txt' files. Account didn't count to the total number of valid accounts.
[WARN ] 2019-04-06 20:16:55.579 [main] Constants:121 - Problem at line 2 in 'accounts.txt' files. Account didn't count to the total number of valid accounts.
[WARN ] 2019-04-06 20:16:55.579 [main] Constants:121 - Problem at line 3 in 'accounts.txt' files. Account didn't count to the total number of valid accounts.
[WARN ] 2019-04-06 20:16:55.579 [main] Constants:121 - Problem at line 4 in 'accounts.txt' files. Account didn't count to the total number of valid accounts.
[WARN ] 2019-04-06 20:55:00.020 [main] Constants:67 - Problem at line 8 in 'users.txt' files. User not added to our valid users list.
[WARN ] 2019-04-06 20:55:00.020 [main] Constants:67 - Problem at line 9 in 'users.txt' files. User not added to our valid users list.
[WARN ] 2019-04-06 20:55:00.020 [main] Constants:67 - Problem at line 11 in 'users.txt' files. User not added to our valid users list.
[WARN ] 2019-04-06 20:55:00.020 [main] Constants:122 - Problem at line 1 in 'accounts.txt' files. Account didn't count to the total number of valid accounts.
[WARN ] 2019-04-06 20:55:00.025 [main] Constants:122 - Problem at line 2 in 'accounts.txt' files. Account didn't count to the total number of valid accounts.
[WARN ] 2019-04-06 20:55:00.028 [main] Constants:122 - Problem at line 3 in 'accounts.txt' files. Account didn't count to the total number of valid accounts.
[WARN ] 2019-04-06 20:55:00.028 [main] Constants:122 - Problem at line 4 in 'accounts.txt' files. Account didn't count to the total number of valid accounts.
[WARN ] 2019-04-06 21:04:17.318 [main] Constants:67 - Problem at line 8 in 'users.txt' files. User not added to our valid users list.
[WARN ] 2019-04-06 21:04:17.318 [main] Constants:67 - Problem at line 9 in 'users.txt' files. User not added to our valid users list.
[WARN ] 2019-04-06 21:04:17.318 [main] Constants:67 - Problem at line 11 in 'users.txt' files. User not added to our valid users list.
[WARN ] 2019-04-06 21:04:17.318 [main] Constants:122 - Problem at line 1 in 'accounts.txt' files. Account didn't count to the total number of valid accounts.
[WARN ] 2019-04-06 21:04:17.318 [main] Constants:122 - Problem at line 2 in 'accounts.txt' files. Account didn't count to the total number of valid accounts.
[WARN ] 2019-04-06 21:04:17.318 [main] Constants:122 - Problem at line 3 in 'accounts.txt' files. Account didn't count to the total number of valid accounts.
[WARN ] 2019-04-06 21:04:17.318 [main] Constants:122 - Problem at line 4 in 'accounts.txt' files. Account didn't count to the total number of valid accounts.
[WARN ] 2019-04-06 21:04:50.299 [main] Constants:67 - Problem at line 8 in 'users.txt' files. User not added to our valid users list.
[WARN ] 2019-04-06 21:04:50.299 [main] Constants:67 - Problem at line 9 in 'users.txt' files. User not added to our valid users list.
[WARN ] 2019-04-06 21:04:50.305 [main] Constants:67 - Problem at line 11 in 'users.txt' files. User not added to our valid users list.
[WARN ] 2019-04-06 21:04:50.305 [main] Constants:122 - Problem at line 1 in 'accounts.txt' files. Account didn't count to the total number of valid accounts.
[WARN ] 2019-04-06 21:04:50.305 [main] Constants:122 - Problem at line 2 in 'accounts.txt' files. Account didn't count to the total number of valid accounts.
[WARN ] 2019-04-06 21:04:50.305 [main] Constants:122 - Problem at line 3 in 'accounts.txt' files. Account didn't count to the total number of valid accounts.
[WARN ] 2019-04-06 21:04:50.310 [main] Constants:122 - Problem at line 4 in 'accounts.txt' files. Account didn't count to the total number of valid accounts.
[INFO ] 2019-04-06 21:05:09.994 [main] Constants:66 - Account added successfully.
[WARN ] 2019-04-06 22:08:29.962 [main] Constants:66 - Problem at line 8 in 'users.txt' files. User not added to our valid users list.
[WARN ] 2019-04-06 22:08:29.977 [main] Constants:66 - Problem at line 9 in 'users.txt' files. User not added to our valid users list.
[WARN ] 2019-04-06 22:08:29.977 [main] Constants:66 - Problem at line 11 in 'users.txt' files. User not added to our valid users list.
[WARN ] 2019-04-06 22:08:29.977 [main] Constants:121 - Problem at line 1 in 'accounts.txt' files. Account didn't count to the total number of valid accounts.
[WARN ] 2019-04-06 22:08:29.977 [main] Constants:121 - Problem at line 2 in 'accounts.txt' files. Account didn't count to the total number of valid accounts.
[WARN ] 2019-04-06 22:08:29.977 [main] Constants:121 - Problem at line 3 in 'accounts.txt' files. Account didn't count to the total number of valid accounts.
[WARN ] 2019-04-06 22:08:29.977 [main] Constants:121 - Problem at line 4 in 'accounts.txt' files. Account didn't count to the total number of valid accounts.
[INFO ] 2019-04-06 22:09:13.977 [main] Constants:74 - Account added successfully.
[WARN ] 2019-04-08 06:00:07.064 [main] Constants:119 - Problem at line 1 in 'accounts.txt' files. Account didn't count to the total number of valid accounts.
[WARN ] 2019-04-08 06:00:07.064 [main] Constants:119 - Problem at line 2 in 'accounts.txt' files. Account didn't count to the total number of valid accounts.
[WARN ] 2019-04-08 06:00:07.064 [main] Constants:119 - Problem at line 3 in 'accounts.txt' files. Account didn't count to the total number of valid accounts.
[WARN ] 2019-04-08 06:00:07.064 [main] Constants:119 - Problem at line 4 in 'accounts.txt' files. Account didn't count to the total number of valid accounts.
[WARN ] 2019-04-08 06:04:50.742 [main] Constants:118 - Problem at line 1 in 'accounts.txt' files. Account didn't count to the total number of valid accounts.
[WARN ] 2019-04-08 06:04:50.742 [main] Constants:118 - Problem at line 2 in 'accounts.txt' files. Account didn't count to the total number of valid accounts.
[WARN ] 2019-04-08 06:04:50.742 [main] Constants:118 - Problem at line 3 in 'accounts.txt' files. Account didn't count to the total number of valid accounts.
[WARN ] 2019-04-08 06:04:50.742 [main] Constants:118 - Problem at line 4 in 'accounts.txt' files. Account didn't count to the total number of valid accounts.
[INFO ] 2019-04-08 06:05:18.237 [main] Constants:67 - Account added successfully.
[WARN ] 2019-04-08 06:27:45.616 [main] Constants:118 - Problem at line 1 in 'accounts.txt' files. Account didn't count to the total number of valid accounts.
[WARN ] 2019-04-08 06:27:45.616 [main] Constants:118 - Problem at line 2 in 'accounts.txt' files. Account didn't count to the total number of valid accounts.
[WARN ] 2019-04-08 06:27:45.616 [main] Constants:118 - Problem at line 3 in 'accounts.txt' files. Account didn't count to the total number of valid accounts.
[WARN ] 2019-04-08 06:27:45.632 [main] Constants:118 - Problem at line 4 in 'accounts.txt' files. Account didn't count to the total number of valid accounts.
[WARN ] 2019-04-08 09:00:05.542 [main] Constants:118 - Problem at line 1 in 'accounts.txt' files. Account didn't count to the total number of valid accounts.
[WARN ] 2019-04-08 09:00:05.542 [main] Constants:118 - Problem at line 2 in 'accounts.txt' files. Account didn't count to the total number of valid accounts.
[WARN ] 2019-04-08 09:00:05.542 [main] Constants:118 - Problem at line 3 in 'accounts.txt' files. Account didn't count to the total number of valid accounts.
[WARN ] 2019-04-08 09:00:05.542 [main] Constants:118 - Problem at line 4 in 'accounts.txt' files. Account didn't count to the total number of valid accounts.
[WARN ] 2019-04-08 09:08:33.924 [main] Constants:118 - Problem at line 1 in 'accounts.txt' files. Account didn't count to the total number of valid accounts.
[WARN ] 2019-04-08 09:08:33.924 [main] Constants:118 - Problem at line 2 in 'accounts.txt' files. Account didn't count to the total number of valid accounts.
[WARN ] 2019-04-08 09:08:33.924 [main] Constants:118 - Problem at line 3 in 'accounts.txt' files. Account didn't count to the total number of valid accounts.
[WARN ] 2019-04-08 09:08:33.924 [main] Constants:118 - Problem at line 4 in 'accounts.txt' files. Account didn't count to the total number of valid accounts.
[WARN ] 2019-04-08 09:21:32.702 [main] Constants:118 - Problem at line 1 in 'accounts.txt' files. Account didn't count to the total number of valid accounts.
[WARN ] 2019-04-08 09:21:32.702 [main] Constants:118 - Problem at line 2 in 'accounts.txt' files. Account didn't count to the total number of valid accounts.
[WARN ] 2019-04-08 09:21:32.718 [main] Constants:118 - Problem at line 3 in 'accounts.txt' files. Account didn't count to the total number of valid accounts.
[WARN ] 2019-04-08 09:21:32.718 [main] Constants:118 - Problem at line 4 in 'accounts.txt' files. Account didn't count to the total number of valid accounts.
